E, [2016-12-13T13:11:34.206538 #24688] ERROR -- Kitchen: ------Exception-------
E, [2016-12-13T13:11:34.206611 #24688] ERROR -- Kitchen: Class: Kitchen::UserError
E, [2016-12-13T13:11:34.206628 #24688] ERROR -- Kitchen: Message: Kitchen YAML file /home/christ/work/git/infrastructure-puppet/.kitchen.yml does not exist.
E, [2016-12-13T13:11:34.206640 #24688] ERROR -- Kitchen: ----------------------
E, [2016-12-13T13:11:34.206650 #24688] ERROR -- Kitchen: ------Backtrace-------
E, [2016-12-13T13:11:34.206659 #24688] ERROR -- Kitchen: /var/lib/gems/2.3.0/gems/test-kitchen-1.14.2/lib/kitchen/loader/yaml.rb:71:in `read'
E, [2016-12-13T13:11:34.206669 #24688] ERROR -- Kitchen: /var/lib/gems/2.3.0/gems/test-kitchen-1.14.2/lib/kitchen/config.rb:152:in `data'
E, [2016-12-13T13:11:34.206679 #24688] ERROR -- Kitchen: /var/lib/gems/2.3.0/gems/test-kitchen-1.14.2/lib/kitchen/config.rb:131:in `suites'
E, [2016-12-13T13:11:34.206689 #24688] ERROR -- Kitchen: /var/lib/gems/2.3.0/gems/test-kitchen-1.14.2/lib/kitchen/config.rb:182:in `filter_instances'
E, [2016-12-13T13:11:34.206699 #24688] ERROR -- Kitchen: /var/lib/gems/2.3.0/gems/test-kitchen-1.14.2/lib/kitchen/config.rb:141:in `build_instances'
E, [2016-12-13T13:11:34.206709 #24688] ERROR -- Kitchen: /var/lib/gems/2.3.0/gems/test-kitchen-1.14.2/lib/kitchen/config.rb:117:in `instances'
E, [2016-12-13T13:11:34.206718 #24688] ERROR -- Kitchen: /var/lib/gems/2.3.0/gems/test-kitchen-1.14.2/lib/kitchen/command.rb:112:in `filtered_instances'
E, [2016-12-13T13:11:34.206728 #24688] ERROR -- Kitchen: /var/lib/gems/2.3.0/gems/test-kitchen-1.14.2/lib/kitchen/command.rb:142:in `parse_subcommand'
E, [2016-12-13T13:11:34.206738 #24688] ERROR -- Kitchen: /var/lib/gems/2.3.0/gems/test-kitchen-1.14.2/lib/kitchen/command/list.rb:30:in `call'
E, [2016-12-13T13:11:34.206748 #24688] ERROR -- Kitchen: /var/lib/gems/2.3.0/gems/test-kitchen-1.14.2/lib/kitchen/cli.rb:53:in `perform'
E, [2016-12-13T13:11:34.206758 #24688] ERROR -- Kitchen: /var/lib/gems/2.3.0/gems/test-kitchen-1.14.2/lib/kitchen/cli.rb:121:in `list'
E, [2016-12-13T13:11:34.206767 #24688] ERROR -- Kitchen: /var/lib/gems/2.3.0/gems/thor-0.19.0/lib/thor/command.rb:27:in `run'
E, [2016-12-13T13:11:34.206777 #24688] ERROR -- Kitchen: /var/lib/gems/2.3.0/gems/thor-0.19.0/lib/thor/invocation.rb:126:in `invoke_command'
E, [2016-12-13T13:11:34.206787 #24688] ERROR -- Kitchen: /var/lib/gems/2.3.0/gems/test-kitchen-1.14.2/lib/kitchen/cli.rb:334:in `invoke_task'
E, [2016-12-13T13:11:34.206796 #24688] ERROR -- Kitchen: /var/lib/gems/2.3.0/gems/thor-0.19.0/lib/thor.rb:359:in `dispatch'
E, [2016-12-13T13:11:34.206806 #24688] ERROR -- Kitchen: /var/lib/gems/2.3.0/gems/thor-0.19.0/lib/thor/base.rb:440:in `start'
E, [2016-12-13T13:11:34.206815 #24688] ERROR -- Kitchen: /var/lib/gems/2.3.0/gems/test-kitchen-1.14.2/bin/kitchen:13:in `block in <top (required)>'
E, [2016-12-13T13:11:34.206825 #24688] ERROR -- Kitchen: /var/lib/gems/2.3.0/gems/test-kitchen-1.14.2/lib/kitchen/errors.rb:171:in `with_friendly_errors'
E, [2016-12-13T13:11:34.206835 #24688] ERROR -- Kitchen: /var/lib/gems/2.3.0/gems/test-kitchen-1.14.2/bin/kitchen:13:in `<top (required)>'
E, [2016-12-13T13:11:34.206845 #24688] ERROR -- Kitchen: /usr/local/bin/kitchen:23:in `load'
E, [2016-12-13T13:11:34.206854 #24688] ERROR -- Kitchen: /usr/local/bin/kitchen:23:in `<main>'
E, [2016-12-13T13:11:34.206863 #24688] ERROR -- Kitchen: ----End Backtrace-----
